<?xml version="1.0" encoding="UTF-8"?>
<coverage generated="1632831533415" clover="3.2.0">
  <project timestamp="1632831533415" name="All files">
    <metrics statements="21" coveredstatements="19" conditionals="8" coveredconditionals="5" methods="6" coveredmethods="6" elements="35" coveredelements="30" complexity="0" loc="21" ncloc="21" packages="1" files="2" classes="2"/>
    <file name="graphDepthFirst.js" path="/home/razan-am/codefellows/data-structures-and-algorithms/401-challenge/challenge-38/graphDepthFirst.js">
      <metrics statements="19" coveredstatements="17" conditionals="8" coveredconditionals="5" methods="5" coveredmethods="5"/>
      <line num="5" count="3" type="stmt"/>
      <line num="6" count="3" type="stmt"/>
      <line num="7" count="3" type="stmt"/>
      <line num="11" count="11" type="stmt"/>
      <line num="12" count="11" type="stmt"/>
      <line num="16" count="11" type="stmt"/>
      <line num="17" count="11" type="stmt"/>
      <line num="18" count="11" type="stmt"/>
      <line num="22" count="1" type="cond" truecount="1" falsecount="1"/>
      <line num="23" count="0" type="stmt"/>
      <line num="25" count="1" type="stmt"/>
      <line num="30" count="2" type="stmt"/>
      <line num="32" count="2" type="stmt"/>
      <line num="34" count="2" type="stmt"/>
      <line num="35" count="24" type="stmt"/>
      <line num="37" count="24" type="cond" truecount="1" falsecount="1"/>
      <line num="38" count="0" type="stmt"/>
      <line num="42" count="2" type="cond" truecount="1" falsecount="1"/>
      <line num="48" count="1" type="stmt"/>
    </file>
    <file name="vertex.js" path="/home/razan-am/codefellows/data-structures-and-algorithms/401-challenge/challenge-38/vertex.js">
      <metrics statements="2" coveredstatements="2" conditionals="0" coveredconditionals="0" methods="1" coveredmethods="1"/>
      <line num="5" count="11" type="stmt"/>
      <line num="9" count="1" type="stmt"/>
    </file>
  </project>
</coverage>
