{"/home/razan-am/codefellows/data-structures-and-algorithms/401-challenge/challenge-11/node.js": {"path":"/home/razan-am/codefellows/data-structures-and-algorithms/401-challenge/challenge-11/node.js","statementMap":{"0":{"start":{"line":5,"column":8},"end":{"line":5,"column":25}},"1":{"start":{"line":6,"column":8},"end":{"line":6,"column":22}},"2":{"start":{"line":10,"column":0},"end":{"line":10,"column":20}}},"fnMap":{"0":{"name":"(anonymous_0)","decl":{"start":{"line":4,"column":4},"end":{"line":4,"column":5}},"loc":{"start":{"line":4,"column":22},"end":{"line":7,"column":5}},"line":4}},"branchMap":{},"s":{"0":1,"1":1,"2":2},"f":{"0":1},"b":{},"_coverageSchema":"1a1c01bbd47fc00a2c39e90264f33305004495a9","hash":"f3589c17e1bbd7579aa76251d60fa12204b1223e"}
,"/home/razan-am/codefellows/data-structures-and-algorithms/401-challenge/challenge-11/stack-queue-pseudo.js": {"path":"/home/razan-am/codefellows/data-structures-and-algorithms/401-challenge/challenge-11/stack-queue-pseudo.js","statementMap":{"0":{"start":{"line":3,"column":13},"end":{"line":3,"column":30}},"1":{"start":{"line":7,"column":8},"end":{"line":8,"column":18}},"2":{"start":{"line":12,"column":8},"end":{"line":14,"column":9}},"3":{"start":{"line":13,"column":12},"end":{"line":13,"column":40}},"4":{"start":{"line":15,"column":8},"end":{"line":15,"column":28}},"5":{"start":{"line":17,"column":8},"end":{"line":19,"column":9}},"6":{"start":{"line":18,"column":12},"end":{"line":18,"column":39}},"7":{"start":{"line":23,"column":8},"end":{"line":25,"column":9}},"8":{"start":{"line":24,"column":12},"end":{"line":24,"column":39}},"9":{"start":{"line":26,"column":16},"end":{"line":26,"column":43}},"10":{"start":{"line":27,"column":8},"end":{"line":27,"column":22}},"11":{"start":{"line":28,"column":8},"end":{"line":28,"column":17}},"12":{"start":{"line":32,"column":0},"end":{"line":32,"column":27}}},"fnMap":{"0":{"name":"(anonymous_0)","decl":{"start":{"line":6,"column":4},"end":{"line":6,"column":5}},"loc":{"start":{"line":6,"column":17},"end":{"line":9,"column":5}},"line":6},"1":{"name":"(anonymous_1)","decl":{"start":{"line":11,"column":4},"end":{"line":11,"column":5}},"loc":{"start":{"line":11,"column":18},"end":{"line":20,"column":5}},"line":11},"2":{"name":"(anonymous_2)","decl":{"start":{"line":22,"column":4},"end":{"line":22,"column":5}},"loc":{"start":{"line":22,"column":13},"end":{"line":29,"column":5}},"line":22}},"branchMap":{"0":{"loc":{"start":{"line":23,"column":8},"end":{"line":25,"column":9}},"type":"if","locations":[{"start":{"line":23,"column":8},"end":{"line":25,"column":9}},{"start":{"line":23,"column":8},"end":{"line":25,"column":9}}],"line":23}},"s":{"0":1,"1":2,"2":6,"3":6,"4":6,"5":6,"6":6,"7":1,"8":0,"9":1,"10":1,"11":1,"12":1},"f":{"0":2,"1":6,"2":1},"b":{"0":[0,1]},"_coverageSchema":"1a1c01bbd47fc00a2c39e90264f33305004495a9","hash":"7f77f2ff17b04e8c39781da3671fd4b9d21601cb"}
}
