{"/home/razan-am/codefellows/data-structures-and-algorithms/401-challenge/challenge-13/node.js": {"path":"/home/razan-am/codefellows/data-structures-and-algorithms/401-challenge/challenge-13/node.js","statementMap":{"0":{"start":{"line":5,"column":8},"end":{"line":5,"column":25}},"1":{"start":{"line":6,"column":8},"end":{"line":6,"column":22}},"2":{"start":{"line":10,"column":0},"end":{"line":10,"column":20}}},"fnMap":{"0":{"name":"(anonymous_0)","decl":{"start":{"line":4,"column":4},"end":{"line":4,"column":5}},"loc":{"start":{"line":4,"column":22},"end":{"line":7,"column":5}},"line":4}},"branchMap":{},"s":{"0":1,"1":1,"2":1},"f":{"0":1},"b":{},"_coverageSchema":"1a1c01bbd47fc00a2c39e90264f33305004495a9","hash":"8c9b1681e6c1d151b01f76700fa0739af178dcc7"}
,"/home/razan-am/codefellows/data-structures-and-algorithms/401-challenge/challenge-13/stack-queue-brackets.js": {"path":"/home/razan-am/codefellows/data-structures-and-algorithms/401-challenge/challenge-13/stack-queue-brackets.js","statementMap":{"0":{"start":{"line":5,"column":16},"end":{"line":5,"column":18}},"1":{"start":{"line":7,"column":4},"end":{"line":39,"column":5}},"2":{"start":{"line":7,"column":16},"end":{"line":7,"column":17}},"3":{"start":{"line":8,"column":16},"end":{"line":8,"column":22}},"4":{"start":{"line":10,"column":8},"end":{"line":13,"column":9}},"5":{"start":{"line":11,"column":12},"end":{"line":11,"column":26}},"6":{"start":{"line":12,"column":12},"end":{"line":12,"column":21}},"7":{"start":{"line":15,"column":8},"end":{"line":17,"column":9}},"8":{"start":{"line":16,"column":12},"end":{"line":16,"column":25}},"9":{"start":{"line":20,"column":8},"end":{"line":38,"column":9}},"10":{"start":{"line":22,"column":12},"end":{"line":22,"column":32}},"11":{"start":{"line":23,"column":12},"end":{"line":24,"column":29}},"12":{"start":{"line":24,"column":16},"end":{"line":24,"column":29}},"13":{"start":{"line":25,"column":12},"end":{"line":25,"column":18}},"14":{"start":{"line":28,"column":12},"end":{"line":28,"column":32}},"15":{"start":{"line":29,"column":12},"end":{"line":30,"column":29}},"16":{"start":{"line":30,"column":16},"end":{"line":30,"column":29}},"17":{"start":{"line":31,"column":12},"end":{"line":31,"column":18}},"18":{"start":{"line":34,"column":12},"end":{"line":34,"column":32}},"19":{"start":{"line":35,"column":12},"end":{"line":36,"column":29}},"20":{"start":{"line":36,"column":16},"end":{"line":36,"column":29}},"21":{"start":{"line":37,"column":12},"end":{"line":37,"column":18}},"22":{"start":{"line":41,"column":4},"end":{"line":41,"column":31}},"23":{"start":{"line":44,"column":0},"end":{"line":44,"column":32}}},"fnMap":{"0":{"name":"validateBrackets","decl":{"start":{"line":3,"column":9},"end":{"line":3,"column":25}},"loc":{"start":{"line":3,"column":30},"end":{"line":42,"column":1}},"line":3}},"branchMap":{"0":{"loc":{"start":{"line":10,"column":8},"end":{"line":13,"column":9}},"type":"if","locations":[{"start":{"line":10,"column":8},"end":{"line":13,"column":9}},{"start":{"line":10,"column":8},"end":{"line":13,"column":9}}],"line":10},"1":{"loc":{"start":{"line":10,"column":12},"end":{"line":10,"column":44}},"type":"binary-expr","locations":[{"start":{"line":10,"column":12},"end":{"line":10,"column":20}},{"start":{"line":10,"column":24},"end":{"line":10,"column":32}},{"start":{"line":10,"column":36},"end":{"line":10,"column":44}}],"line":10},"2":{"loc":{"start":{"line":15,"column":8},"end":{"line":17,"column":9}},"type":"if","locations":[{"start":{"line":15,"column":8},"end":{"line":17,"column":9}},{"start":{"line":15,"column":8},"end":{"line":17,"column":9}}],"line":15},"3":{"loc":{"start":{"line":20,"column":8},"end":{"line":38,"column":9}},"type":"switch","locations":[{"start":{"line":21,"column":8},"end":{"line":25,"column":18}},{"start":{"line":27,"column":8},"end":{"line":31,"column":18}},{"start":{"line":33,"column":8},"end":{"line":37,"column":18}}],"line":20},"4":{"loc":{"start":{"line":23,"column":12},"end":{"line":24,"column":29}},"type":"if","locations":[{"start":{"line":23,"column":12},"end":{"line":24,"column":29}},{"start":{"line":23,"column":12},"end":{"line":24,"column":29}}],"line":23},"5":{"loc":{"start":{"line":23,"column":16},"end":{"line":23,"column":44}},"type":"binary-expr","locations":[{"start":{"line":23,"column":16},"end":{"line":23,"column":28}},{"start":{"line":23,"column":32},"end":{"line":23,"column":44}}],"line":23},"6":{"loc":{"start":{"line":29,"column":12},"end":{"line":30,"column":29}},"type":"if","locations":[{"start":{"line":29,"column":12},"end":{"line":30,"column":29}},{"start":{"line":29,"column":12},"end":{"line":30,"column":29}}],"line":29},"7":{"loc":{"start":{"line":29,"column":16},"end":{"line":29,"column":44}},"type":"binary-expr","locations":[{"start":{"line":29,"column":16},"end":{"line":29,"column":28}},{"start":{"line":29,"column":32},"end":{"line":29,"column":44}}],"line":29},"8":{"loc":{"start":{"line":35,"column":12},"end":{"line":36,"column":29}},"type":"if","locations":[{"start":{"line":35,"column":12},"end":{"line":36,"column":29}},{"start":{"line":35,"column":12},"end":{"line":36,"column":29}}],"line":35},"9":{"loc":{"start":{"line":35,"column":16},"end":{"line":35,"column":44}},"type":"binary-expr","locations":[{"start":{"line":35,"column":16},"end":{"line":35,"column":28}},{"start":{"line":35,"column":32},"end":{"line":35,"column":44}}],"line":35}},"s":{"0":8,"1":8,"2":8,"3":60,"4":60,"5":21,"6":21,"7":39,"8":1,"9":38,"10":7,"11":7,"12":0,"13":7,"14":8,"15":8,"16":0,"17":8,"18":5,"19":5,"20":0,"21":5,"22":7,"23":1},"f":{"0":8},"b":{"0":[21,39],"1":[60,53,48],"2":[1,38],"3":[7,8,5],"4":[0,7],"5":[7,7],"6":[0,8],"7":[8,8],"8":[0,5],"9":[5,5]},"_coverageSchema":"1a1c01bbd47fc00a2c39e90264f33305004495a9","hash":"0dbf0bbdf7d738c936ff453ff1455c41f220667b"}
}
