TN:
SF:401-challenge/challenge-6/linkedlist.js
FN:6,(anonymous_0)
FN:10,(anonymous_1)
FN:23,(anonymous_2)
FN:36,(anonymous_3)
FN:47,(anonymous_4)
FNF:5
FNH:5
FNDA:6,(anonymous_0)
FNDA:4,(anonymous_1)
FNDA:5,(anonymous_2)
FNDA:2,(anonymous_3)
FNDA:2,(anonymous_4)
DA:3,1
DA:7,6
DA:11,4
DA:12,4
DA:13,4
DA:15,0
DA:16,0
DA:17,0
DA:19,0
DA:24,5
DA:25,5
DA:26,1
DA:28,4
DA:29,4
DA:30,0
DA:32,4
DA:37,2
DA:38,2
DA:39,2
DA:40,6
DA:41,2
DA:42,2
DA:44,6
DA:48,2
DA:49,2
DA:50,2
DA:51,6
DA:52,2
DA:53,2
DA:55,6
DA:60,1
LF:31
LH:26
BRDA:12,0,0,4
BRDA:12,0,1,0
BRDA:25,1,0,1
BRDA:25,1,1,4
BRDA:40,2,0,2
BRDA:40,2,1,4
BRDA:51,3,0,2
BRDA:51,3,1,4
BRF:8
BRH:7
end_of_record
TN:
SF:401-challenge/challenge-6/node.js
FN:4,(anonymous_0)
FNF:1
FNH:1
FNDA:14,(anonymous_0)
DA:5,14
DA:6,14
DA:10,2
LF:3
LH:3
BRF:0
BRH:0
end_of_record
TN:
SF:401-challenge/challenge-7/ll-kth.js
FN:6,(anonymous_0)
FN:10,(anonymous_1)
FN:23,(anonymous_2)
FN:36,(anonymous_3)
FNF:4
FNH:3
FNDA:1,(anonymous_0)
FNDA:5,(anonymous_1)
FNDA:0,(anonymous_2)
FNDA:1,(anonymous_3)
DA:3,1
DA:7,1
DA:11,5
DA:12,5
DA:13,1
DA:15,4
DA:16,4
DA:17,6
DA:19,4
DA:24,0
DA:25,0
DA:26,0
DA:28,0
DA:29,0
DA:30,0
DA:32,0
DA:38,1
DA:39,1
DA:40,1
DA:41,1
DA:42,0
DA:45,1
DA:46,5
DA:47,5
DA:49,1
DA:51,1
DA:53,0
DA:54,0
DA:55,0
DA:56,0
DA:59,0
DA:63,1
LF:32
LH:19
BRDA:12,0,0,1
BRDA:12,0,1,4
BRDA:25,1,0,0
BRDA:25,1,1,0
BRDA:41,2,0,0
BRDA:41,2,1,1
BRDA:49,3,0,1
BRDA:49,3,1,0
BRDA:53,4,0,0
BRDA:53,4,1,0
BRF:10
BRH:4
end_of_record
TN:
SF:401-challenge/challenge-7/node.js
FN:4,(anonymous_0)
FNF:1
FNH:1
FNDA:6,(anonymous_0)
DA:5,6
DA:6,6
DA:10,1
LF:3
LH:3
BRF:0
BRH:0
end_of_record
TN:
SF:javascript/code-challenges/reverse-ll/reverse-ll.js
FN:12,reverse
FNF:1
FNH:1
FNDA:1,reverse
DA:4,1
DA:12,1
DA:14,1
LF:3
LH:3
BRF:0
BRH:0
end_of_record
TN:
SF:javascript/linked-list/index.js
FNF:0
FNH:0
DA:7,2
LF:1
LH:1
BRF:0
BRH:0
end_of_record
