TN:
SF:401-challenge/challenge-35/edge.js
FN:4,(anonymous_0)
FNF:1
FNH:1
FNDA:6,(anonymous_0)
DA:5,6
DA:6,6
DA:10,1
LF:3
LH:3
BRDA:4,0,0,6
BRF:1
BRH:1
end_of_record
TN:
SF:401-challenge/challenge-35/graph.js
FN:7,(anonymous_0)
FN:11,(anonymous_1)
FN:16,(anonymous_2)
FN:24,(anonymous_3)
FN:29,(anonymous_4)
FN:38,(anonymous_5)
FN:45,(anonymous_6)
FNF:7
FNH:5
FNDA:3,(anonymous_0)
FNDA:6,(anonymous_1)
FNDA:6,(anonymous_2)
FNDA:1,(anonymous_3)
FNDA:0,(anonymous_4)
FNDA:0,(anonymous_5)
FNDA:1,(anonymous_6)
DA:3,1
DA:4,1
DA:8,3
DA:13,6
DA:17,6
DA:18,0
DA:20,6
DA:21,6
DA:25,1
DA:26,1
DA:27,2
DA:28,1
DA:29,0
DA:31,1
DA:35,1
DA:39,0
DA:40,0
DA:41,0
DA:46,1
DA:47,1
DA:49,0
DA:54,1
LF:22
LH:16
BRDA:17,0,0,0
BRDA:17,0,1,6
BRDA:17,1,0,6
BRDA:17,1,1,6
BRDA:27,2,0,1
BRDA:27,2,1,1
BRDA:28,3,0,0
BRDA:28,3,1,1
BRDA:40,4,0,0
BRDA:40,4,1,0
BRDA:46,5,0,1
BRDA:46,5,1,0
BRF:12
BRH:7
end_of_record
TN:
SF:401-challenge/challenge-35/vertex.js
FN:4,(anonymous_0)
FNF:1
FNH:1
FNDA:6,(anonymous_0)
DA:5,6
DA:9,1
LF:2
LH:2
BRF:0
BRH:0
end_of_record
